c:\users\yu\source\repos\directx 5 - コピー\release\vc141.pdb
c:\users\yu\source\repos\directx 5 - コピー\release\texture.obj
c:\users\yu\source\repos\directx 5 - コピー\release\table.obj
c:\users\yu\source\repos\directx 5 - コピー\release\sprite.obj
c:\users\yu\source\repos\directx 5 - コピー\release\sound.obj
c:\users\yu\source\repos\directx 5 - コピー\release\score_draw.obj
c:\users\yu\source\repos\directx 5 - コピー\release\scene.obj
c:\users\yu\source\repos\directx 5 - コピー\release\result.obj
c:\users\yu\source\repos\directx 5 - コピー\release\player.obj
c:\users\yu\source\repos\directx 5 - コピー\release\number.obj
c:\users\yu\source\repos\directx 5 - コピー\release\mydirect3d.obj
c:\users\yu\source\repos\directx 5 - コピー\release\main.obj
c:\users\yu\source\repos\directx 5 - コピー\release\input.obj
c:\users\yu\source\repos\directx 5 - コピー\release\game.obj
c:\users\yu\source\repos\directx 5 - コピー\release\fade.obj
c:\users\yu\source\repos\directx 5 - コピー\release\explosion.obj
c:\users\yu\source\repos\directx 5 - コピー\release\enemylaser.obj
c:\users\yu\source\repos\directx 5 - コピー\release\enemybullet.obj
c:\users\yu\source\repos\directx 5 - コピー\release\enemy.obj
c:\users\yu\source\repos\directx 5 - コピー\release\collision.obj
c:\users\yu\source\repos\directx 5 - コピー\release\bullet.obj
c:\users\yu\source\repos\directx 5 - コピー\release\tutorial.obj
c:\users\yu\source\repos\directx 5 - コピー\release\title.obj
c:\users\yu\source\repos\directx 5 - コピー\release\tilemap.obj
c:\users\yu\source\repos\directx 5 - コピー\release\directx 4.ipdb
c:\users\yu\source\repos\directx 5 - コピー\release\directx 4.iobj
c:\users\yu\source\repos\directx 5 - コピー\release\directx 4.exe
c:\users\yu\source\repos\directx 5 - コピー\release\directx 4.pdb
c:\users\yu\source\repos\directx 5 - コピー\release\directx 4.tlog\cl.command.1.tlog
c:\users\yu\source\repos\directx 5 - コピー\release\directx 4.tlog\cl.read.1.tlog
c:\users\yu\source\repos\directx 5 - コピー\release\directx 4.tlog\cl.write.1.tlog
c:\users\yu\source\repos\directx 5 - コピー\release\directx 4.tlog\directx 4.write.1u.tlog
c:\users\yu\source\repos\directx 5 - コピー\release\directx 4.tlog\link.command.1.tlog
c:\users\yu\source\repos\directx 5 - コピー\release\directx 4.tlog\link.read.1.tlog
c:\users\yu\source\repos\directx 5 - コピー\release\directx 4.tlog\link.write.1.tlog
